<?xml version="1.0" encoding="UTF-8"?>
<!-- Generated by org.testng.reporters.JUnitReportReporter -->
<testsuite skipped="0" hostname="LAPTOP-RVFFG2S9" name="test.TestOne" tests="2" failures="0" timestamp="27 Nov 2019 08:38:49 GMT" time="22.392" errors="0">
  <testcase name="bookTicket" time="16.642" classname="test.TestOne"/>
  <testcase name="validateCredentialsOfUser" time="5.750" classname="test.TestOne"/>
</testsuite> <!-- test.TestOne -->
